<?xml version="1.0" encoding="UTF-8"?>
<!-- Generated by org.testng.reporters.JUnitReportReporter -->
<testsuite hostname="DESKTOP-76S6KTJ" failures="0" tests="2" name="mytests.AppTest" time="7.575" errors="0" timestamp="2024-08-12T15:45:27 IST" skipped="0">
  <testcase classname="mytests.AppTest" name="testGoogle" time="4.396"/>
  <testcase classname="mytests.AppTest" name="testGoogle" time="3.179"/>
</testsuite> <!-- mytests.AppTest -->
